2026-04-21 13:24:26,034 [INFO] Generating 10000 unique recipes...
2026-04-21 13:24:26,071 [INFO] Recipe generation complete.
2026-04-21 13:24:26,072 [INFO] Starting multiprocessing pool with 20 cores...
2026-04-21 13:24:56,812 [INFO] --- 100/10000 runs done | 100 successful | 30.7s elapsed (3.25 runs/sec) ---
2026-04-21 13:25:26,970 [INFO] --- 200/10000 runs done | 200 successful | 60.9s elapsed (3.28 runs/sec) ---
2026-04-21 13:25:57,477 [INFO] --- 300/10000 runs done | 300 successful | 91.4s elapsed (3.28 runs/sec) ---
2026-04-21 13:26:30,172 [INFO] --- 400/10000 runs done | 400 successful | 124.1s elapsed (3.22 runs/sec) ---
2026-04-21 13:27:02,323 [INFO] --- 500/10000 runs done | 500 successful | 156.3s elapsed (3.20 runs/sec) ---
2026-04-21 13:27:33,915 [INFO] --- 600/10000 runs done | 600 successful | 187.8s elapsed (3.19 runs/sec) ---
2026-04-21 13:28:05,480 [INFO] --- 700/10000 runs done | 700 successful | 219.4s elapsed (3.19 runs/sec) ---
2026-04-21 13:28:38,458 [INFO] --- 800/10000 runs done | 800 successful | 252.4s elapsed (3.17 runs/sec) ---
2026-04-21 13:29:09,876 [INFO] --- 900/10000 runs done | 900 successful | 283.8s elapsed (3.17 runs/sec) ---
2026-04-21 13:29:41,603 [INFO] --- 1000/10000 runs done | 1000 successful | 315.5s elapsed (3.17 runs/sec) ---
2026-04-21 13:30:13,409 [INFO] --- 1100/10000 runs done | 1100 successful | 347.3s elapsed (3.17 runs/sec) ---
2026-04-21 13:30:45,518 [INFO] --- 1200/10000 runs done | 1200 successful | 379.4s elapsed (3.16 runs/sec) ---
2026-04-21 13:31:16,999 [INFO] --- 1300/10000 runs done | 1300 successful | 410.9s elapsed (3.16 runs/sec) ---
2026-04-21 13:31:49,485 [INFO] --- 1400/10000 runs done | 1400 successful | 443.4s elapsed (3.16 runs/sec) ---
2026-04-21 13:32:20,554 [INFO] --- 1500/10000 runs done | 1500 successful | 474.5s elapsed (3.16 runs/sec) ---
2026-04-21 13:32:52,629 [INFO] --- 1600/10000 runs done | 1600 successful | 506.6s elapsed (3.16 runs/sec) ---
2026-04-21 13:33:24,180 [INFO] --- 1700/10000 runs done | 1700 successful | 538.1s elapsed (3.16 runs/sec) ---
2026-04-21 13:33:56,454 [INFO] --- 1800/10000 runs done | 1800 successful | 570.4s elapsed (3.16 runs/sec) ---
2026-04-21 13:34:29,813 [INFO] --- 1900/10000 runs done | 1900 successful | 603.7s elapsed (3.15 runs/sec) ---
2026-04-21 13:35:00,688 [INFO] --- 2000/10000 runs done | 2000 successful | 634.6s elapsed (3.15 runs/sec) ---
2026-04-21 13:35:32,877 [INFO] --- 2100/10000 runs done | 2100 successful | 666.8s elapsed (3.15 runs/sec) ---
2026-04-21 13:36:04,996 [INFO] --- 2200/10000 runs done | 2200 successful | 698.9s elapsed (3.15 runs/sec) ---
2026-04-21 13:36:36,269 [INFO] --- 2300/10000 runs done | 2300 successful | 730.2s elapsed (3.15 runs/sec) ---
2026-04-21 13:37:08,247 [INFO] --- 2400/10000 runs done | 2400 successful | 762.2s elapsed (3.15 runs/sec) ---
2026-04-21 13:37:38,823 [INFO] --- 2500/10000 runs done | 2500 successful | 792.8s elapsed (3.15 runs/sec) ---
2026-04-21 13:38:10,515 [INFO] --- 2600/10000 runs done | 2600 successful | 824.4s elapsed (3.15 runs/sec) ---
2026-04-21 13:38:43,489 [INFO] --- 2700/10000 runs done | 2700 successful | 857.4s elapsed (3.15 runs/sec) ---
2026-04-21 13:39:15,339 [INFO] --- 2800/10000 runs done | 2800 successful | 889.3s elapsed (3.15 runs/sec) ---
2026-04-21 13:39:47,289 [INFO] --- 2900/10000 runs done | 2900 successful | 921.2s elapsed (3.15 runs/sec) ---
2026-04-21 13:40:18,319 [INFO] --- 3000/10000 runs done | 3000 successful | 952.2s elapsed (3.15 runs/sec) ---
2026-04-21 13:40:50,200 [INFO] --- 3100/10000 runs done | 3100 successful | 984.1s elapsed (3.15 runs/sec) ---
2026-04-21 13:41:22,596 [INFO] --- 3200/10000 runs done | 3200 successful | 1016.5s elapsed (3.15 runs/sec) ---
2026-04-21 13:41:53,678 [INFO] --- 3300/10000 runs done | 3300 successful | 1047.6s elapsed (3.15 runs/sec) ---
2026-04-21 13:41:57,047 [WARNING] [3314] FAILED: PARSE_ERROR
2026-04-21 13:42:25,980 [INFO] --- 3400/10000 runs done | 3399 successful | 1079.9s elapsed (3.15 runs/sec) ---
2026-04-21 13:42:58,325 [INFO] --- 3500/10000 runs done | 3499 successful | 1112.3s elapsed (3.15 runs/sec) ---
2026-04-21 13:43:30,534 [INFO] --- 3600/10000 runs done | 3599 successful | 1144.5s elapsed (3.15 runs/sec) ---
2026-04-21 13:44:02,558 [INFO] --- 3700/10000 runs done | 3699 successful | 1176.5s elapsed (3.14 runs/sec) ---
2026-04-21 13:44:34,127 [INFO] --- 3800/10000 runs done | 3799 successful | 1208.1s elapsed (3.15 runs/sec) ---
2026-04-21 13:45:06,685 [INFO] --- 3900/10000 runs done | 3899 successful | 1240.6s elapsed (3.14 runs/sec) ---
2026-04-21 13:45:28,037 [WARNING] [3967] FAILED: PARSE_ERROR
2026-04-21 13:45:39,862 [INFO] --- 4000/10000 runs done | 3998 successful | 1273.8s elapsed (3.14 runs/sec) ---
2026-04-21 13:46:12,512 [INFO] --- 4100/10000 runs done | 4098 successful | 1306.4s elapsed (3.14 runs/sec) ---
2026-04-21 13:46:44,820 [INFO] --- 4200/10000 runs done | 4198 successful | 1338.7s elapsed (3.14 runs/sec) ---
2026-04-21 13:47:16,530 [INFO] --- 4300/10000 runs done | 4298 successful | 1370.5s elapsed (3.14 runs/sec) ---
2026-04-21 13:47:48,692 [INFO] --- 4400/10000 runs done | 4398 successful | 1402.6s elapsed (3.14 runs/sec) ---
2026-04-21 13:48:21,443 [INFO] --- 4500/10000 runs done | 4498 successful | 1435.4s elapsed (3.14 runs/sec) ---
2026-04-21 13:48:53,306 [INFO] --- 4600/10000 runs done | 4598 successful | 1467.2s elapsed (3.14 runs/sec) ---
2026-04-21 13:49:26,096 [INFO] --- 4700/10000 runs done | 4698 successful | 1500.0s elapsed (3.13 runs/sec) ---
2026-04-21 13:49:58,012 [INFO] --- 4800/10000 runs done | 4798 successful | 1531.9s elapsed (3.13 runs/sec) ---
2026-04-21 13:50:21,767 [WARNING] [4875] FAILED: PARSE_ERROR
2026-04-21 13:50:29,624 [INFO] --- 4900/10000 runs done | 4897 successful | 1563.6s elapsed (3.13 runs/sec) ---
2026-04-21 13:51:01,536 [INFO] --- 5000/10000 runs done | 4997 successful | 1595.5s elapsed (3.13 runs/sec) ---
2026-04-21 13:51:31,142 [WARNING] [5090] FAILED: PARSE_ERROR
2026-04-21 13:51:34,014 [INFO] --- 5100/10000 runs done | 5096 successful | 1627.9s elapsed (3.13 runs/sec) ---
2026-04-21 13:52:07,038 [INFO] --- 5200/10000 runs done | 5196 successful | 1661.0s elapsed (3.13 runs/sec) ---
2026-04-21 13:52:37,600 [INFO] --- 5300/10000 runs done | 5296 successful | 1691.5s elapsed (3.13 runs/sec) ---
2026-04-21 13:53:11,043 [INFO] --- 5400/10000 runs done | 5396 successful | 1725.0s elapsed (3.13 runs/sec) ---
2026-04-21 13:53:43,937 [INFO] --- 5500/10000 runs done | 5496 successful | 1757.9s elapsed (3.13 runs/sec) ---
2026-04-21 13:54:16,235 [INFO] --- 5600/10000 runs done | 5596 successful | 1790.2s elapsed (3.13 runs/sec) ---
2026-04-21 13:54:48,552 [INFO] --- 5700/10000 runs done | 5696 successful | 1822.5s elapsed (3.13 runs/sec) ---
2026-04-21 13:55:21,266 [INFO] --- 5800/10000 runs done | 5796 successful | 1855.2s elapsed (3.13 runs/sec) ---
2026-04-21 13:55:53,811 [INFO] --- 5900/10000 runs done | 5896 successful | 1887.7s elapsed (3.13 runs/sec) ---
2026-04-21 13:56:25,234 [INFO] --- 6000/10000 runs done | 5996 successful | 1919.2s elapsed (3.13 runs/sec) ---
2026-04-21 13:56:57,566 [INFO] --- 6100/10000 runs done | 6096 successful | 1951.5s elapsed (3.13 runs/sec) ---
2026-04-21 13:57:28,725 [INFO] --- 6200/10000 runs done | 6196 successful | 1982.7s elapsed (3.13 runs/sec) ---
2026-04-21 13:58:00,381 [INFO] --- 6300/10000 runs done | 6296 successful | 2014.3s elapsed (3.13 runs/sec) ---
2026-04-21 13:58:32,508 [INFO] --- 6400/10000 runs done | 6396 successful | 2046.4s elapsed (3.13 runs/sec) ---
2026-04-21 13:59:05,074 [INFO] --- 6500/10000 runs done | 6496 successful | 2079.0s elapsed (3.13 runs/sec) ---
2026-04-21 13:59:37,596 [INFO] --- 6600/10000 runs done | 6596 successful | 2111.5s elapsed (3.13 runs/sec) ---
2026-04-21 14:00:09,441 [INFO] --- 6700/10000 runs done | 6696 successful | 2143.4s elapsed (3.13 runs/sec) ---
2026-04-21 14:00:41,391 [INFO] --- 6800/10000 runs done | 6796 successful | 2175.3s elapsed (3.13 runs/sec) ---
2026-04-21 14:01:13,608 [INFO] --- 6900/10000 runs done | 6896 successful | 2207.5s elapsed (3.13 runs/sec) ---
2026-04-21 14:01:46,126 [INFO] --- 7000/10000 runs done | 6996 successful | 2240.1s elapsed (3.12 runs/sec) ---
2026-04-21 14:02:18,135 [INFO] --- 7100/10000 runs done | 7096 successful | 2272.1s elapsed (3.12 runs/sec) ---
2026-04-21 14:02:50,973 [INFO] --- 7200/10000 runs done | 7196 successful | 2304.9s elapsed (3.12 runs/sec) ---
2026-04-21 14:03:22,738 [INFO] --- 7300/10000 runs done | 7296 successful | 2336.7s elapsed (3.12 runs/sec) ---
2026-04-21 14:03:55,260 [INFO] --- 7400/10000 runs done | 7396 successful | 2369.2s elapsed (3.12 runs/sec) ---
2026-04-21 14:04:28,230 [INFO] --- 7500/10000 runs done | 7496 successful | 2402.2s elapsed (3.12 runs/sec) ---
2026-04-21 14:05:00,525 [INFO] --- 7600/10000 runs done | 7596 successful | 2434.5s elapsed (3.12 runs/sec) ---
2026-04-21 14:05:32,953 [INFO] --- 7700/10000 runs done | 7696 successful | 2466.9s elapsed (3.12 runs/sec) ---
2026-04-21 14:06:04,808 [INFO] --- 7800/10000 runs done | 7796 successful | 2498.7s elapsed (3.12 runs/sec) ---
2026-04-21 14:06:36,718 [INFO] --- 7900/10000 runs done | 7896 successful | 2530.6s elapsed (3.12 runs/sec) ---
2026-04-21 14:07:08,416 [INFO] --- 8000/10000 runs done | 7996 successful | 2562.3s elapsed (3.12 runs/sec) ---
2026-04-21 14:07:40,765 [INFO] --- 8100/10000 runs done | 8096 successful | 2594.7s elapsed (3.12 runs/sec) ---
2026-04-21 14:08:14,167 [INFO] --- 8200/10000 runs done | 8196 successful | 2628.1s elapsed (3.12 runs/sec) ---
2026-04-21 14:08:46,601 [INFO] --- 8300/10000 runs done | 8296 successful | 2660.5s elapsed (3.12 runs/sec) ---
2026-04-21 14:09:19,666 [INFO] --- 8400/10000 runs done | 8396 successful | 2693.6s elapsed (3.12 runs/sec) ---
2026-04-21 14:09:50,981 [INFO] --- 8500/10000 runs done | 8496 successful | 2724.9s elapsed (3.12 runs/sec) ---
2026-04-21 14:10:23,165 [INFO] --- 8600/10000 runs done | 8596 successful | 2757.1s elapsed (3.12 runs/sec) ---
2026-04-21 14:10:54,301 [INFO] --- 8700/10000 runs done | 8696 successful | 2788.2s elapsed (3.12 runs/sec) ---
2026-04-21 14:11:24,665 [WARNING] [8791] FAILED: PARSE_ERROR
2026-04-21 14:11:27,964 [INFO] --- 8800/10000 runs done | 8795 successful | 2821.9s elapsed (3.12 runs/sec) ---
2026-04-21 14:11:59,885 [INFO] --- 8900/10000 runs done | 8895 successful | 2853.8s elapsed (3.12 runs/sec) ---
2026-04-21 14:12:31,739 [INFO] --- 9000/10000 runs done | 8995 successful | 2885.7s elapsed (3.12 runs/sec) ---
2026-04-21 14:13:04,436 [INFO] --- 9100/10000 runs done | 9095 successful | 2918.4s elapsed (3.12 runs/sec) ---
2026-04-21 14:13:36,923 [INFO] --- 9200/10000 runs done | 9195 successful | 2950.9s elapsed (3.12 runs/sec) ---
2026-04-21 14:13:58,937 [WARNING] [9271] FAILED: PARSE_ERROR
2026-04-21 14:14:09,342 [INFO] --- 9300/10000 runs done | 9294 successful | 2983.3s elapsed (3.12 runs/sec) ---
2026-04-21 14:14:41,053 [INFO] --- 9400/10000 runs done | 9394 successful | 3015.0s elapsed (3.12 runs/sec) ---
2026-04-21 14:15:13,354 [INFO] --- 9500/10000 runs done | 9494 successful | 3047.3s elapsed (3.12 runs/sec) ---
2026-04-21 14:15:45,672 [INFO] --- 9600/10000 runs done | 9594 successful | 3079.6s elapsed (3.12 runs/sec) ---
2026-04-21 14:16:18,578 [INFO] --- 9700/10000 runs done | 9694 successful | 3112.5s elapsed (3.12 runs/sec) ---
2026-04-21 14:16:24,075 [WARNING] [9712] FAILED: PARSE_ERROR
2026-04-21 14:16:51,114 [INFO] --- 9800/10000 runs done | 9793 successful | 3145.0s elapsed (3.12 runs/sec) ---
2026-04-21 14:17:23,771 [INFO] --- 9900/10000 runs done | 9893 successful | 3177.7s elapsed (3.12 runs/sec) ---
2026-04-21 14:17:53,738 [INFO] --- 10000/10000 runs done | 9993 successful | 3207.7s elapsed (3.12 runs/sec) ---
2026-04-21 14:17:53,741 [INFO] DONE. Completed 10000 runs in 3207.67s.
2026-04-21 14:56:17,726 [INFO] Generating 10000 unique recipes...
2026-04-21 14:56:17,765 [INFO] Recipe generation complete.
2026-04-21 14:56:17,766 [INFO] Starting multiprocessing pool with 20 cores...
2026-04-21 14:56:34,801 [WARNING] [52] FAILED: PARSE_ERROR
2026-04-21 14:56:50,299 [INFO] --- 100/10000 runs done | 99 successful | 32.5s elapsed (3.07 runs/sec) ---
2026-04-21 14:57:20,023 [INFO] --- 200/10000 runs done | 199 successful | 62.3s elapsed (3.21 runs/sec) ---
2026-04-21 14:57:35,288 [WARNING] [244] FAILED: PARSE_ERROR
2026-04-21 14:57:51,866 [INFO] --- 300/10000 runs done | 298 successful | 94.1s elapsed (3.19 runs/sec) ---
2026-04-21 14:58:10,653 [WARNING] [363] FAILED: PARSE_ERROR
2026-04-21 14:58:13,773 [WARNING] [369] FAILED: PARSE_ERROR
2026-04-21 14:58:19,641 [WARNING] [392] FAILED: PARSE_ERROR
2026-04-21 14:58:23,198 [INFO] --- 400/10000 runs done | 395 successful | 125.4s elapsed (3.19 runs/sec) ---
2026-04-21 14:58:46,460 [WARNING] [476] FAILED: PARSE_ERROR
2026-04-21 14:58:50,880 [WARNING] [487] FAILED: PARSE_ERROR
2026-04-21 14:58:53,682 [INFO] --- 500/10000 runs done | 493 successful | 155.9s elapsed (3.21 runs/sec) ---
2026-04-21 14:59:07,278 [WARNING] [542] FAILED: PARSE_ERROR
2026-04-21 14:59:20,726 [WARNING] [584] FAILED: PARSE_ERROR
2026-04-21 14:59:25,462 [INFO] --- 600/10000 runs done | 591 successful | 187.7s elapsed (3.20 runs/sec) ---
2026-04-21 14:59:36,466 [WARNING] [634] FAILED: PARSE_ERROR
2026-04-21 14:59:55,590 [INFO] --- 700/10000 runs done | 690 successful | 217.8s elapsed (3.21 runs/sec) ---
2026-04-21 15:00:07,104 [WARNING] [735] FAILED: PARSE_ERROR
2026-04-21 15:00:26,175 [INFO] --- 800/10000 runs done | 789 successful | 248.4s elapsed (3.22 runs/sec) ---
2026-04-21 15:00:36,012 [WARNING] [823] FAILED: PARSE_ERROR
2026-04-21 15:00:48,085 [WARNING] [874] FAILED: PARSE_ERROR
2026-04-21 15:00:56,913 [INFO] --- 900/10000 runs done | 887 successful | 279.1s elapsed (3.22 runs/sec) ---
2026-04-21 15:01:04,473 [WARNING] [921] FAILED: PARSE_ERROR
2026-04-21 15:01:14,408 [WARNING] [955] FAILED: PARSE_ERROR
2026-04-21 15:01:28,024 [INFO] --- 1000/10000 runs done | 985 successful | 310.3s elapsed (3.22 runs/sec) ---
2026-04-21 15:01:33,840 [WARNING] [1019] FAILED: PARSE_ERROR
2026-04-21 15:01:50,945 [WARNING] [1071] FAILED: PARSE_ERROR
2026-04-21 15:01:59,031 [INFO] --- 1100/10000 runs done | 1083 successful | 341.3s elapsed (3.22 runs/sec) ---
2026-04-21 15:02:29,775 [INFO] --- 1200/10000 runs done | 1183 successful | 372.0s elapsed (3.23 runs/sec) ---
2026-04-21 15:02:32,689 [WARNING] [1204] FAILED: PARSE_ERROR
2026-04-21 15:02:35,768 [WARNING] [1224] FAILED: PARSE_ERROR
2026-04-21 15:03:00,752 [INFO] --- 1300/10000 runs done | 1281 successful | 403.0s elapsed (3.23 runs/sec) ---
2026-04-21 15:03:32,441 [INFO] --- 1400/10000 runs done | 1381 successful | 434.7s elapsed (3.22 runs/sec) ---
2026-04-21 15:04:02,751 [WARNING] [1497] FAILED: PARSE_ERROR
2026-04-21 15:04:03,386 [INFO] --- 1500/10000 runs done | 1480 successful | 465.6s elapsed (3.22 runs/sec) ---
2026-04-21 15:04:16,201 [WARNING] [1543] FAILED: PARSE_ERROR
2026-04-21 15:04:34,196 [INFO] --- 1600/10000 runs done | 1579 successful | 496.4s elapsed (3.22 runs/sec) ---
2026-04-21 15:05:04,931 [INFO] --- 1700/10000 runs done | 1679 successful | 527.2s elapsed (3.22 runs/sec) ---
2026-04-21 15:05:31,103 [WARNING] [1784] FAILED: PARSE_ERROR
2026-04-21 15:05:36,794 [INFO] --- 1800/10000 runs done | 1778 successful | 559.0s elapsed (3.22 runs/sec) ---
2026-04-21 15:06:07,222 [INFO] --- 1900/10000 runs done | 1878 successful | 589.5s elapsed (3.22 runs/sec) ---
2026-04-21 15:06:38,784 [WARNING] [1999] FAILED: PARSE_ERROR
2026-04-21 15:06:39,800 [INFO] --- 2000/10000 runs done | 1977 successful | 622.0s elapsed (3.22 runs/sec) ---
2026-04-21 15:07:10,280 [INFO] --- 2100/10000 runs done | 2077 successful | 652.5s elapsed (3.22 runs/sec) ---
2026-04-21 15:07:41,878 [INFO] --- 2200/10000 runs done | 2177 successful | 684.1s elapsed (3.22 runs/sec) ---
2026-04-21 15:07:44,150 [WARNING] [2208] FAILED: PARSE_ERROR
2026-04-21 15:07:49,545 [WARNING] [2230] FAILED: PARSE_ERROR
2026-04-21 15:08:12,443 [INFO] --- 2300/10000 runs done | 2275 successful | 714.7s elapsed (3.22 runs/sec) ---
2026-04-21 15:08:42,962 [WARNING] [2391] FAILED: PARSE_ERROR
2026-04-21 15:08:43,800 [INFO] --- 2400/10000 runs done | 2374 successful | 746.0s elapsed (3.22 runs/sec) ---
2026-04-21 15:08:56,755 [WARNING] [2440] FAILED: PARSE_ERROR
2026-04-21 15:08:56,911 [WARNING] [2444] FAILED: PARSE_ERROR
2026-04-21 15:09:05,187 [WARNING] [2471] FAILED: PARSE_ERROR
2026-04-21 15:09:08,108 [WARNING] [2479] FAILED: PARSE_ERROR
2026-04-21 15:09:14,903 [INFO] --- 2500/10000 runs done | 2470 successful | 777.1s elapsed (3.22 runs/sec) ---
2026-04-21 15:09:45,266 [INFO] --- 2600/10000 runs done | 2570 successful | 807.5s elapsed (3.22 runs/sec) ---
2026-04-21 15:10:05,955 [WARNING] [2664] FAILED: PARSE_ERROR
2026-04-21 15:10:16,251 [INFO] --- 2700/10000 runs done | 2669 successful | 838.5s elapsed (3.22 runs/sec) ---
2026-04-21 15:10:46,808 [WARNING] [2798] FAILED: PARSE_ERROR
2026-04-21 15:10:47,195 [INFO] --- 2800/10000 runs done | 2768 successful | 869.4s elapsed (3.22 runs/sec) ---
2026-04-21 15:11:19,321 [INFO] --- 2900/10000 runs done | 2868 successful | 901.6s elapsed (3.22 runs/sec) ---
2026-04-21 15:11:28,803 [WARNING] [2931] FAILED: PARSE_ERROR
2026-04-21 15:11:51,734 [INFO] --- 3000/10000 runs done | 2967 successful | 934.0s elapsed (3.21 runs/sec) ---
2026-04-21 15:12:22,636 [INFO] --- 3100/10000 runs done | 3067 successful | 964.9s elapsed (3.21 runs/sec) ---
2026-04-21 15:12:29,103 [WARNING] [3127] FAILED: PARSE_ERROR
2026-04-21 15:12:54,582 [INFO] --- 3200/10000 runs done | 3166 successful | 996.8s elapsed (3.21 runs/sec) ---
2026-04-21 15:13:01,357 [WARNING] [3225] FAILED: PARSE_ERROR
2026-04-21 15:13:06,022 [WARNING] [3232] FAILED: PARSE_ERROR
2026-04-21 15:13:21,286 [WARNING] [3289] FAILED: PARSE_ERROR
2026-04-21 15:13:25,937 [INFO] --- 3300/10000 runs done | 3263 successful | 1028.2s elapsed (3.21 runs/sec) ---
2026-04-21 15:13:43,820 [WARNING] [3358] FAILED: PARSE_ERROR
2026-04-21 15:13:47,776 [WARNING] [3373] FAILED: PARSE_ERROR
2026-04-21 15:13:56,348 [INFO] --- 3400/10000 runs done | 3361 successful | 1058.6s elapsed (3.21 runs/sec) ---
2026-04-21 15:14:19,276 [WARNING] [3471] FAILED: PARSE_ERROR
2026-04-21 15:14:27,746 [INFO] --- 3500/10000 runs done | 3460 successful | 1090.0s elapsed (3.21 runs/sec) ---
2026-04-21 15:14:57,037 [WARNING] [3596] FAILED: PARSE_ERROR
2026-04-21 15:14:58,922 [INFO] --- 3600/10000 runs done | 3559 successful | 1121.2s elapsed (3.21 runs/sec) ---
2026-04-21 15:15:30,346 [INFO] --- 3700/10000 runs done | 3659 successful | 1152.6s elapsed (3.21 runs/sec) ---
2026-04-21 15:15:30,563 [WARNING] [3696] FAILED: PARSE_ERROR
2026-04-21 15:15:52,692 [WARNING] [3770] FAILED: PARSE_ERROR
2026-04-21 15:16:01,865 [INFO] --- 3800/10000 runs done | 3757 successful | 1184.1s elapsed (3.21 runs/sec) ---
2026-04-21 15:16:32,578 [INFO] --- 3900/10000 runs done | 3857 successful | 1214.8s elapsed (3.21 runs/sec) ---
2026-04-21 15:16:51,627 [WARNING] [3963] FAILED: PARSE_ERROR
2026-04-21 15:17:03,612 [INFO] --- 4000/10000 runs done | 3956 successful | 1245.8s elapsed (3.21 runs/sec) ---
2026-04-21 15:17:16,483 [WARNING] [4044] FAILED: PARSE_ERROR
2026-04-21 15:17:34,781 [INFO] --- 4100/10000 runs done | 4055 successful | 1277.0s elapsed (3.21 runs/sec) ---
2026-04-21 15:17:34,813 [WARNING] [4103] FAILED: PARSE_ERROR
2026-04-21 15:17:39,303 [WARNING] [4114] FAILED: PARSE_ERROR
2026-04-21 15:17:39,701 [WARNING] [4122] FAILED: PARSE_ERROR
2026-04-21 15:18:06,545 [INFO] --- 4200/10000 runs done | 4152 successful | 1308.8s elapsed (3.21 runs/sec) ---
2026-04-21 15:18:07,377 [WARNING] [4200] FAILED: PARSE_ERROR
2026-04-21 15:18:39,042 [INFO] --- 4300/10000 runs done | 4251 successful | 1341.3s elapsed (3.21 runs/sec) ---
2026-04-21 15:19:04,945 [WARNING] [4388] FAILED: PARSE_ERROR
2026-04-21 15:19:08,816 [INFO] --- 4400/10000 runs done | 4350 successful | 1371.0s elapsed (3.21 runs/sec) ---
2026-04-21 15:19:39,765 [WARNING] [4498] FAILED: PARSE_ERROR
2026-04-21 15:19:39,840 [INFO] --- 4500/10000 runs done | 4449 successful | 1402.1s elapsed (3.21 runs/sec) ---
2026-04-21 15:19:57,245 [WARNING] [4554] FAILED: PARSE_ERROR
2026-04-21 15:20:11,545 [INFO] --- 4600/10000 runs done | 4548 successful | 1433.8s elapsed (3.21 runs/sec) ---
2026-04-21 15:20:41,545 [INFO] --- 4700/10000 runs done | 4648 successful | 1463.8s elapsed (3.21 runs/sec) ---
2026-04-21 15:21:09,965 [WARNING] [4793] FAILED: PARSE_ERROR
2026-04-21 15:21:14,093 [INFO] --- 4800/10000 runs done | 4747 successful | 1496.3s elapsed (3.21 runs/sec) ---
2026-04-21 15:21:44,911 [INFO] --- 4900/10000 runs done | 4847 successful | 1527.1s elapsed (3.21 runs/sec) ---
2026-04-21 15:22:09,488 [WARNING] [4975] FAILED: PARSE_ERROR
2026-04-21 15:22:16,055 [INFO] --- 5000/10000 runs done | 4946 successful | 1558.3s elapsed (3.21 runs/sec) ---
2026-04-21 15:22:46,777 [INFO] --- 5100/10000 runs done | 5046 successful | 1589.0s elapsed (3.21 runs/sec) ---
2026-04-21 15:23:18,391 [INFO] --- 5200/10000 runs done | 5146 successful | 1620.6s elapsed (3.21 runs/sec) ---
2026-04-21 15:23:24,878 [WARNING] [5218] FAILED: PARSE_ERROR
2026-04-21 15:23:29,493 [WARNING] [5230] FAILED: PARSE_ERROR
2026-04-21 15:23:43,690 [WARNING] [5278] FAILED: PARSE_ERROR
2026-04-21 15:23:50,382 [INFO] --- 5300/10000 runs done | 5243 successful | 1652.6s elapsed (3.21 runs/sec) ---
2026-04-21 15:24:10,811 [WARNING] [5367] FAILED: PARSE_ERROR
2026-04-21 15:24:21,744 [INFO] --- 5400/10000 runs done | 5342 successful | 1684.0s elapsed (3.21 runs/sec) ---
2026-04-21 15:24:31,787 [WARNING] [5430] FAILED: PARSE_ERROR
2026-04-21 15:24:52,271 [INFO] --- 5500/10000 runs done | 5441 successful | 1714.5s elapsed (3.21 runs/sec) ---
2026-04-21 15:25:17,834 [WARNING] [5578] FAILED: PARSE_ERROR
2026-04-21 15:25:18,652 [WARNING] [5580] FAILED: PARSE_ERROR
2026-04-21 15:25:19,757 [WARNING] [5583] FAILED: PARSE_ERROR
2026-04-21 15:25:23,970 [INFO] --- 5600/10000 runs done | 5538 successful | 1746.2s elapsed (3.21 runs/sec) ---
2026-04-21 15:25:50,957 [WARNING] [5683] FAILED: PARSE_ERROR
2026-04-21 15:25:55,466 [INFO] --- 5700/10000 runs done | 5637 successful | 1777.7s elapsed (3.21 runs/sec) ---
2026-04-21 15:26:22,112 [WARNING] [5785] FAILED: PARSE_ERROR
2026-04-21 15:26:24,141 [WARNING] [5787] FAILED: PARSE_ERROR
2026-04-21 15:26:26,002 [INFO] --- 5800/10000 runs done | 5735 successful | 1808.2s elapsed (3.21 runs/sec) ---
2026-04-21 15:26:29,491 [WARNING] [5809] FAILED: PARSE_ERROR
2026-04-21 15:26:32,411 [WARNING] [5821] FAILED: PARSE_ERROR
2026-04-21 15:26:35,173 [WARNING] [5828] FAILED: PARSE_ERROR
2026-04-21 15:26:57,788 [INFO] --- 5900/10000 runs done | 5832 successful | 1840.0s elapsed (3.21 runs/sec) ---
2026-04-21 15:27:06,545 [WARNING] [5927] FAILED: PARSE_ERROR
2026-04-21 15:27:20,465 [WARNING] [5968] FAILED: PARSE_ERROR
2026-04-21 15:27:23,878 [WARNING] [5976] FAILED: PARSE_ERROR
2026-04-21 15:27:29,131 [INFO] --- 6000/10000 runs done | 5929 successful | 1871.4s elapsed (3.21 runs/sec) ---
2026-04-21 15:27:58,972 [WARNING] [6100] FAILED: PARSE_ERROR
2026-04-21 15:28:01,283 [INFO] --- 6100/10000 runs done | 6028 successful | 1903.5s elapsed (3.20 runs/sec) ---
2026-04-21 15:28:02,350 [WARNING] [6102] FAILED: PARSE_ERROR
2026-04-21 15:28:22,337 [WARNING] [6166] FAILED: PARSE_ERROR
2026-04-21 15:28:28,719 [WARNING] [6192] FAILED: PARSE_ERROR
2026-04-21 15:28:32,053 [INFO] --- 6200/10000 runs done | 6125 successful | 1934.3s elapsed (3.21 runs/sec) ---
2026-04-21 15:29:03,051 [INFO] --- 6300/10000 runs done | 6225 successful | 1965.3s elapsed (3.21 runs/sec) ---
2026-04-21 15:29:24,752 [WARNING] [6367] FAILED: PARSE_ERROR
2026-04-21 15:29:25,536 [WARNING] [6370] FAILED: PARSE_ERROR
2026-04-21 15:29:27,433 [WARNING] [6373] FAILED: PARSE_ERROR
2026-04-21 15:29:35,042 [INFO] --- 6400/10000 runs done | 6322 successful | 1997.3s elapsed (3.20 runs/sec) ---
2026-04-21 15:30:07,165 [INFO] --- 6500/10000 runs done | 6422 successful | 2029.4s elapsed (3.20 runs/sec) ---
2026-04-21 15:30:09,068 [WARNING] [6510] FAILED: PARSE_ERROR
2026-04-21 15:30:20,861 [WARNING] [6544] FAILED: PARSE_ERROR
2026-04-21 15:30:38,537 [INFO] --- 6600/10000 runs done | 6520 successful | 2060.8s elapsed (3.20 runs/sec) ---
2026-04-21 15:30:43,801 [WARNING] [6621] FAILED: PARSE_ERROR
2026-04-21 15:30:44,497 [WARNING] [6620] FAILED: PARSE_ERROR
2026-04-21 15:30:50,523 [WARNING] [6641] FAILED: PARSE_ERROR
2026-04-21 15:31:09,134 [WARNING] [6703] FAILED: PARSE_ERROR
2026-04-21 15:31:09,134 [INFO] --- 6700/10000 runs done | 6616 successful | 2091.4s elapsed (3.20 runs/sec) ---
2026-04-21 15:31:10,194 [WARNING] [6704] FAILED: PARSE_ERROR
2026-04-21 15:31:29,357 [WARNING] [6765] FAILED: PARSE_ERROR
2026-04-21 15:31:39,686 [INFO] --- 6800/10000 runs done | 6714 successful | 2121.9s elapsed (3.20 runs/sec) ---
2026-04-21 15:31:52,790 [WARNING] [6838] FAILED: PARSE_ERROR
2026-04-21 15:32:09,983 [WARNING] [6896] FAILED: PARSE_ERROR
2026-04-21 15:32:10,523 [WARNING] [6900] FAILED: PARSE_ERROR
2026-04-21 15:32:11,418 [INFO] --- 6900/10000 runs done | 6811 successful | 2153.7s elapsed (3.20 runs/sec) ---
2026-04-21 15:32:14,851 [WARNING] [6915] FAILED: PARSE_ERROR
2026-04-21 15:32:15,711 [WARNING] [6906] FAILED: PARSE_ERROR
2026-04-21 15:32:43,399 [INFO] --- 7000/10000 runs done | 6909 successful | 2185.6s elapsed (3.20 runs/sec) ---
2026-04-21 15:32:44,383 [WARNING] [7003] FAILED: PARSE_ERROR
2026-04-21 15:33:13,997 [INFO] --- 7100/10000 runs done | 7008 successful | 2216.2s elapsed (3.20 runs/sec) ---
2026-04-21 15:33:43,284 [WARNING] [7193] FAILED: PARSE_ERROR
2026-04-21 15:33:46,066 [INFO] --- 7200/10000 runs done | 7107 successful | 2248.3s elapsed (3.20 runs/sec) ---
2026-04-21 15:34:03,042 [WARNING] [7257] FAILED: PARSE_ERROR
2026-04-21 15:34:16,406 [INFO] --- 7300/10000 runs done | 7206 successful | 2278.6s elapsed (3.20 runs/sec) ---
2026-04-21 15:34:17,020 [WARNING] [7303] FAILED: PARSE_ERROR
2026-04-21 15:34:17,321 [WARNING] [7304] FAILED: PARSE_ERROR
2026-04-21 15:34:41,105 [WARNING] [7376] FAILED: PARSE_ERROR
2026-04-21 15:34:47,822 [INFO] --- 7400/10000 runs done | 7303 successful | 2310.1s elapsed (3.20 runs/sec) ---
2026-04-21 15:35:01,295 [WARNING] [7444] FAILED: PARSE_ERROR
2026-04-21 15:35:19,281 [INFO] --- 7500/10000 runs done | 7402 successful | 2341.5s elapsed (3.20 runs/sec) ---
2026-04-21 15:35:45,668 [WARNING] [7588] FAILED: PARSE_ERROR
2026-04-21 15:35:50,025 [INFO] --- 7600/10000 runs done | 7501 successful | 2372.3s elapsed (3.20 runs/sec) ---
2026-04-21 15:36:19,048 [WARNING] [7690] FAILED: PARSE_ERROR
2026-04-21 15:36:21,761 [INFO] --- 7700/10000 runs done | 7600 successful | 2404.0s elapsed (3.20 runs/sec) ---
2026-04-21 15:36:28,999 [WARNING] [7719] FAILED: PARSE_ERROR
2026-04-21 15:36:53,405 [INFO] --- 7800/10000 runs done | 7699 successful | 2435.6s elapsed (3.20 runs/sec) ---
2026-04-21 15:37:06,497 [WARNING] [7840] FAILED: PARSE_ERROR
2026-04-21 15:37:08,188 [WARNING] [7837] FAILED: PARSE_ERROR
2026-04-21 15:37:25,757 [INFO] --- 7900/10000 runs done | 7797 successful | 2468.0s elapsed (3.20 runs/sec) ---
2026-04-21 15:37:56,839 [INFO] --- 8000/10000 runs done | 7897 successful | 2499.1s elapsed (3.20 runs/sec) ---
2026-04-21 15:38:07,313 [WARNING] [8034] FAILED: PARSE_ERROR
2026-04-21 15:38:28,400 [INFO] --- 8100/10000 runs done | 7996 successful | 2530.6s elapsed (3.20 runs/sec) ---
2026-04-21 15:38:53,430 [WARNING] [8180] FAILED: PARSE_ERROR
2026-04-21 15:38:54,166 [WARNING] [8185] FAILED: PARSE_ERROR
2026-04-21 15:38:59,714 [INFO] --- 8200/10000 runs done | 8094 successful | 2561.9s elapsed (3.20 runs/sec) ---
2026-04-21 15:39:02,383 [WARNING] [8210] FAILED: PARSE_ERROR
2026-04-21 15:39:22,745 [WARNING] [8271] FAILED: PARSE_ERROR
2026-04-21 15:39:31,403 [INFO] --- 8300/10000 runs done | 8192 successful | 2593.6s elapsed (3.20 runs/sec) ---
2026-04-21 15:39:37,246 [WARNING] [8316] FAILED: PARSE_ERROR
2026-04-21 15:39:46,139 [WARNING] [8351] FAILED: PARSE_ERROR
2026-04-21 15:39:50,737 [WARNING] [8366] FAILED: PARSE_ERROR
2026-04-21 15:39:54,074 [WARNING] [8376] FAILED: PARSE_ERROR
2026-04-21 15:40:03,161 [INFO] --- 8400/10000 runs done | 8288 successful | 2625.4s elapsed (3.20 runs/sec) ---
2026-04-21 15:40:33,974 [INFO] --- 8500/10000 runs done | 8388 successful | 2656.2s elapsed (3.20 runs/sec) ---
2026-04-21 15:40:57,701 [WARNING] [8575] FAILED: PARSE_ERROR
2026-04-21 15:41:05,427 [INFO] --- 8600/10000 runs done | 8487 successful | 2687.7s elapsed (3.20 runs/sec) ---
2026-04-21 15:41:13,540 [WARNING] [8622] FAILED: PARSE_ERROR
2026-04-21 15:41:27,499 [WARNING] [8667] FAILED: PARSE_ERROR
2026-04-21 15:41:37,022 [INFO] --- 8700/10000 runs done | 8585 successful | 2719.3s elapsed (3.20 runs/sec) ---
2026-04-21 15:41:40,358 [WARNING] [8714] FAILED: PARSE_ERROR
2026-04-21 15:41:41,814 [WARNING] [8712] FAILED: PARSE_ERROR
2026-04-21 15:42:08,505 [INFO] --- 8800/10000 runs done | 8683 successful | 2750.7s elapsed (3.20 runs/sec) ---
2026-04-21 15:42:20,787 [WARNING] [8841] FAILED: PARSE_ERROR
2026-04-21 15:42:27,851 [WARNING] [8859] FAILED: PARSE_ERROR
2026-04-21 15:42:29,919 [WARNING] [8872] FAILED: PARSE_ERROR
2026-04-21 15:42:39,900 [WARNING] [8901] FAILED: PARSE_ERROR
2026-04-21 15:42:39,936 [INFO] --- 8900/10000 runs done | 8779 successful | 2782.2s elapsed (3.20 runs/sec) ---
2026-04-21 15:42:43,115 [WARNING] [8908] FAILED: PARSE_ERROR
2026-04-21 15:43:12,643 [INFO] --- 9000/10000 runs done | 8878 successful | 2814.9s elapsed (3.20 runs/sec) ---
2026-04-21 15:43:23,065 [WARNING] [9034] FAILED: PARSE_ERROR
2026-04-21 15:43:25,233 [WARNING] [9043] FAILED: PARSE_ERROR
2026-04-21 15:43:43,542 [INFO] --- 9100/10000 runs done | 8976 successful | 2845.8s elapsed (3.20 runs/sec) ---
2026-04-21 15:43:43,620 [WARNING] [9104] FAILED: PARSE_ERROR
2026-04-21 15:43:49,558 [WARNING] [9118] FAILED: PARSE_ERROR
2026-04-21 15:44:14,009 [INFO] --- 9200/10000 runs done | 9074 successful | 2876.2s elapsed (3.20 runs/sec) ---
2026-04-21 15:44:45,211 [INFO] --- 9300/10000 runs done | 9174 successful | 2907.4s elapsed (3.20 runs/sec) ---
2026-04-21 15:44:46,021 [WARNING] [9300] FAILED: PARSE_ERROR
2026-04-21 15:45:16,420 [INFO] --- 9400/10000 runs done | 9273 successful | 2938.7s elapsed (3.20 runs/sec) ---
2026-04-21 15:45:17,181 [WARNING] [9401] FAILED: PARSE_ERROR
2026-04-21 15:45:17,428 [WARNING] [9402] FAILED: PARSE_ERROR
2026-04-21 15:45:34,204 [WARNING] [9455] FAILED: PARSE_ERROR
2026-04-21 15:45:47,792 [INFO] --- 9500/10000 runs done | 9370 successful | 2970.0s elapsed (3.20 runs/sec) ---
2026-04-21 15:46:18,619 [WARNING] [9595] FAILED: PARSE_ERROR
2026-04-21 15:46:18,975 [INFO] --- 9600/10000 runs done | 9469 successful | 3001.2s elapsed (3.20 runs/sec) ---
2026-04-21 15:46:52,282 [INFO] --- 9700/10000 runs done | 9569 successful | 3034.5s elapsed (3.20 runs/sec) ---
2026-04-21 15:47:23,526 [INFO] --- 9800/10000 runs done | 9669 successful | 3065.8s elapsed (3.20 runs/sec) ---
2026-04-21 15:47:55,509 [INFO] --- 9900/10000 runs done | 9769 successful | 3097.7s elapsed (3.20 runs/sec) ---
2026-04-21 15:48:25,010 [INFO] --- 10000/10000 runs done | 9869 successful | 3127.2s elapsed (3.20 runs/sec) ---
2026-04-21 15:48:25,014 [INFO] DONE. Completed 10000 runs in 3127.25s.
